{"/home/ester/ester-git/SAP003-md-links/lib/index.js": {"path":"/home/ester/ester-git/SAP003-md-links/lib/index.js","statementMap":{"0":{"start":{"line":1,"column":11},"end":{"line":1,"column":24}},"1":{"start":{"line":4,"column":2},"end":{"line":31,"column":5}},"2":{"start":{"line":5,"column":4},"end":{"line":30,"column":7}},"3":{"start":{"line":6,"column":6},"end":{"line":29,"column":7}},"4":{"start":{"line":7,"column":8},"end":{"line":7,"column":20}},"5":{"start":{"line":9,"column":23},"end":{"line":9,"column":52}},"6":{"start":{"line":10,"column":21},"end":{"line":10,"column":38}},"7":{"start":{"line":11,"column":20},"end":{"line":11,"column":22}},"8":{"start":{"line":12,"column":22},"end":{"line":12,"column":24}},"9":{"start":{"line":13,"column":8},"end":{"line":16,"column":34}},"10":{"start":{"line":14,"column":10},"end":{"line":14,"column":30}},"11":{"start":{"line":15,"column":10},"end":{"line":15,"column":37}},"12":{"start":{"line":18,"column":8},"end":{"line":27,"column":11}},"13":{"start":{"line":19,"column":23},"end":{"line":19,"column":36}},"14":{"start":{"line":20,"column":22},"end":{"line":20,"column":49}},"15":{"start":{"line":21,"column":24},"end":{"line":21,"column":51}},"16":{"start":{"line":23,"column":10},"end":{"line":23,"column":53}},"17":{"start":{"line":25,"column":10},"end":{"line":25,"column":25}},"18":{"start":{"line":34,"column":0},"end":{"line":34,"column":25}}},"fnMap":{"0":{"name":"mdLinks","decl":{"start":{"line":3,"column":9},"end":{"line":3,"column":16}},"loc":{"start":{"line":3,"column":20},"end":{"line":32,"column":1}},"line":3},"1":{"name":"(anonymous_1)","decl":{"start":{"line":4,"column":22},"end":{"line":4,"column":23}},"loc":{"start":{"line":4,"column":43},"end":{"line":31,"column":3}},"line":4},"2":{"name":"(anonymous_2)","decl":{"start":{"line":5,"column":43},"end":{"line":5,"column":44}},"loc":{"start":{"line":5,"column":63},"end":{"line":30,"column":5}},"line":5},"3":{"name":"(anonymous_3)","decl":{"start":{"line":18,"column":20},"end":{"line":18,"column":21}},"loc":{"start":{"line":18,"column":24},"end":{"line":27,"column":9}},"line":18}},"branchMap":{"0":{"loc":{"start":{"line":6,"column":6},"end":{"line":29,"column":7}},"type":"if","locations":[{"start":{"line":6,"column":6},"end":{"line":29,"column":7}},{"start":{"line":6,"column":6},"end":{"line":29,"column":7}}],"line":6}},"s":{"0":1,"1":0,"2":0,"3":0,"4":0,"5":0,"6":0,"7":0,"8":0,"9":0,"10":0,"11":0,"12":0,"13":0,"14":0,"15":0,"16":0,"17":0,"18":1},"f":{"0":0,"1":0,"2":0,"3":0},"b":{"0":[0,0]},"_coverageSchema":"43e27e138ebf9cfc5966b082cf9a028302ed4184","hash":"23ceb6445cbfb4f09b4e42ae94f2500c3e9f21ee"}
}
