{"/home/ester/ester-git/SAP003-md-links/lib/index.js": {"path":"/home/ester/ester-git/SAP003-md-links/lib/index.js","statementMap":{"0":{"start":{"line":2,"column":13},"end":{"line":2,"column":26}},"1":{"start":{"line":3,"column":17},"end":{"line":3,"column":59}},"2":{"start":{"line":4,"column":14},"end":{"line":4,"column":16}},"3":{"start":{"line":5,"column":16},"end":{"line":5,"column":18}},"4":{"start":{"line":7,"column":2},"end":{"line":32,"column":5}},"5":{"start":{"line":8,"column":4},"end":{"line":31,"column":7}},"6":{"start":{"line":9,"column":6},"end":{"line":30,"column":7}},"7":{"start":{"line":10,"column":8},"end":{"line":10,"column":36}},"8":{"start":{"line":12,"column":21},"end":{"line":12,"column":38}},"9":{"start":{"line":14,"column":8},"end":{"line":17,"column":34}},"10":{"start":{"line":15,"column":10},"end":{"line":15,"column":30}},"11":{"start":{"line":16,"column":10},"end":{"line":16,"column":37}},"12":{"start":{"line":19,"column":8},"end":{"line":28,"column":11}},"13":{"start":{"line":20,"column":23},"end":{"line":20,"column":36}},"14":{"start":{"line":21,"column":22},"end":{"line":21,"column":49}},"15":{"start":{"line":22,"column":24},"end":{"line":22,"column":51}},"16":{"start":{"line":24,"column":10},"end":{"line":24,"column":53}},"17":{"start":{"line":26,"column":10},"end":{"line":26,"column":25}},"18":{"start":{"line":35,"column":0},"end":{"line":35,"column":25}}},"fnMap":{"0":{"name":"mdLinks","decl":{"start":{"line":1,"column":9},"end":{"line":1,"column":16}},"loc":{"start":{"line":1,"column":24},"end":{"line":33,"column":1}},"line":1},"1":{"name":"(anonymous_1)","decl":{"start":{"line":7,"column":22},"end":{"line":7,"column":23}},"loc":{"start":{"line":7,"column":43},"end":{"line":32,"column":3}},"line":7},"2":{"name":"(anonymous_2)","decl":{"start":{"line":8,"column":30},"end":{"line":8,"column":31}},"loc":{"start":{"line":8,"column":50},"end":{"line":31,"column":5}},"line":8},"3":{"name":"(anonymous_3)","decl":{"start":{"line":19,"column":20},"end":{"line":19,"column":21}},"loc":{"start":{"line":19,"column":24},"end":{"line":28,"column":9}},"line":19}},"branchMap":{"0":{"loc":{"start":{"line":9,"column":6},"end":{"line":30,"column":7}},"type":"if","locations":[{"start":{"line":9,"column":6},"end":{"line":30,"column":7}},{"start":{"line":9,"column":6},"end":{"line":30,"column":7}}],"line":9}},"s":{"0":2,"1":2,"2":2,"3":2,"4":2,"5":2,"6":2,"7":1,"8":1,"9":1,"10":2,"11":2,"12":1,"13":2,"14":2,"15":2,"16":2,"17":2,"18":1},"f":{"0":2,"1":2,"2":2,"3":2},"b":{"0":[1,1]},"_coverageSchema":"43e27e138ebf9cfc5966b082cf9a028302ed4184","hash":"5b9f27c41bead02ca2f43837d98dd3a03f4bc418"}
}
